{"uuid":"01471c7e-3c7f-4fdc-b3a0-2a59d292bda8","historyId":"73d4cefd5abf411a796439beed2d962b","testCaseId":"fe9689bb2d230a6259b4b118b896f146","fullName":"features/Inventory.feature:7","labels":[{"name":"tag","value":"smoke"},{"name":"host","value":"XM77P43N7J"},{"name":"thread","value":"8921@XM77P43N7J.TestNG-PoolService-2(32)"},{"name":"feature","value":"Get Inventory"},{"name":"story","value":"Get Inventory details"},{"name":"suite","value":"Get Inventory"},{"name":"testClass","value":"Get Inventory details"},{"name":"framework","value":"cucumber4jvm"},{"name":"language","value":"java"},{"name":"gherkin_uri","value":"classpath:features/Inventory.feature"},{"name":"package","value":"features.Inventory_feature.Get Inventory"}],"links":[],"name":"Get Inventory details","status":"failed","statusDetails":{"known":false,"muted":false,"flaky":false,"message":"Response body assertion for jsonpath 'response.sold': expected [[>= 1]] but found [null]","trace":"java.lang.AssertionError: Response body assertion for jsonpath 'response.sold': expected [[>= 1]] but found [null]\n\tat org.testng.Assert.fail(Assert.java:111)\n\tat org.testng.Assert.failNotEquals(Assert.java:1578)\n\tat org.testng.Assert.assertEqualsImpl(Assert.java:150)\n\tat org.testng.Assert.assertEquals(Assert.java:132)\n\tat org.testng.Assert.assertEquals(Assert.java:656)\n\tat com.api.automation.utils.ApiUtil.assertValue(ApiUtil.java:376)\n\tat com.api.automation.utils.ApiUtil.lambda$verifyResponseBody$6(ApiUtil.java:278)\n\tat java.base/java.util.HashMap.forEach(HashMap.java:1429)\n\tat com.api.automation.utils.ApiUtil.verifyResponseBody(ApiUtil.java:276)\n\tat com.api.automation.bdd.steps.APICommonSteps.verifyResponseBody(APICommonSteps.java:70)\n\tat âœ½.I see response matches for fields(classpath:features/Inventory.feature:10)\n"},"stage":"finished","steps":[{"name":"Given I set baseurl for inventory service","status":"passed","statusDetails":{"known":false,"muted":false,"flaky":false},"stage":"finished","steps":[{"name":"\nGiven I set baseurl for inventory service\n---","status":"passed","stage":"finished","steps":[],"attachments":[],"parameters":[],"start":1730677884732,"stop":1730677884750},{"name":"-------------- Creating Request -----------------------","status":"passed","stage":"finished","steps":[],"attachments":[],"parameters":[],"start":1730677884754,"stop":1730677884754},{"name":"API Request URL: https://petstore.swagger.io/v2/store/inventory","status":"passed","stage":"finished","steps":[],"attachments":[],"parameters":[],"start":1730677884754,"stop":1730677884754}],"attachments":[],"parameters":[],"start":1730677882967,"stop":1730677884823},{"name":"When I submit GET request","status":"passed","statusDetails":{"known":false,"muted":false,"flaky":false},"stage":"finished","steps":[{"name":"\nWhen I submit GET request\n---","status":"passed","stage":"finished","steps":[],"attachments":[],"parameters":[],"start":1730677884841,"stop":1730677884841},{"name":"Request URI: https://petstore.swagger.io/v2/store/inventory","status":"passed","stage":"finished","steps":[],"attachments":[],"parameters":[],"start":1730677885490,"stop":1730677885490},{"name":"Submitting GET request","status":"passed","stage":"finished","steps":[],"attachments":[],"parameters":[],"start":1730677885490,"stop":1730677885490},{"name":"-------------- Response -----------------------","status":"passed","stage":"finished","steps":[],"attachments":[],"parameters":[],"start":1730677887313,"stop":1730677887313},{"name":"{\n    \"sold\": 57,\n    \"string\": 493,\n    \"NOT available\": 1,\n    \"sold \": 1,\n    \"Busy\": 1,\n    \"pending\": 45,\n    \"available\": 191,\n    \"weisskeiner1\": 1,\n    \"avalible\": 4,\n    \"unknown\": 1,\n    \"SOLD\": 1,\n    \"VL4EQE\": 1,\n    \"avaliable\": 1,\n    \"......\": 1,\n    \"24/7\": 1,\n    \"status\": 18,\n    \"minim quis in veniam\": 1\n}","status":"passed","stage":"finished","steps":[],"attachments":[],"parameters":[],"start":1730677887464,"stop":1730677887464},{"name":"Response Time: 1457 ms","status":"passed","stage":"finished","steps":[],"attachments":[],"parameters":[],"start":1730677887472,"stop":1730677887472}],"attachments":[],"parameters":[],"start":1730677884838,"stop":1730677887528},{"name":"Then I see response status 200","status":"passed","statusDetails":{"known":false,"muted":false,"flaky":false},"stage":"finished","steps":[{"name":"\nThen I see response status 200\n---","status":"passed","stage":"finished","steps":[],"attachments":[],"parameters":[],"start":1730677887530,"stop":1730677887530},{"name":"-------------- Response Validation -----------------------","status":"passed","stage":"finished","steps":[],"attachments":[],"parameters":[],"start":1730677887530,"stop":1730677887530},{"name":"Response status assertion: Actual = 200; Expected = 200","status":"passed","stage":"finished","steps":[],"attachments":[],"parameters":[],"start":1730677887530,"stop":1730677887530}],"attachments":[],"parameters":[],"start":1730677887530,"stop":1730677887531},{"name":"And I see response matches for fields","status":"failed","statusDetails":{"known":false,"muted":false,"flaky":false,"message":"Response body assertion for jsonpath 'response.sold': expected [[>= 1]] but found [null]","trace":"java.lang.AssertionError: Response body assertion for jsonpath 'response.sold': expected [[>= 1]] but found [null]\n\tat org.testng.Assert.fail(Assert.java:111)\n\tat org.testng.Assert.failNotEquals(Assert.java:1578)\n\tat org.testng.Assert.assertEqualsImpl(Assert.java:150)\n\tat org.testng.Assert.assertEquals(Assert.java:132)\n\tat org.testng.Assert.assertEquals(Assert.java:656)\n\tat com.api.automation.utils.ApiUtil.assertValue(ApiUtil.java:376)\n\tat com.api.automation.utils.ApiUtil.lambda$verifyResponseBody$6(ApiUtil.java:278)\n\tat java.base/java.util.HashMap.forEach(HashMap.java:1429)\n\tat com.api.automation.utils.ApiUtil.verifyResponseBody(ApiUtil.java:276)\n\tat com.api.automation.bdd.steps.APICommonSteps.verifyResponseBody(APICommonSteps.java:70)\n\tat âœ½.I see response matches for fields(classpath:features/Inventory.feature:10)\n"},"stage":"finished","steps":[{"name":"\nThen I see matches for fields | response.sold      | [>= 1] |\n| response.pending   | [>= 0] |\n| response.available | [>= 0] |\n\n---","status":"passed","stage":"finished","steps":[],"attachments":[],"parameters":[],"start":1730677887536,"stop":1730677887536},{"name":"Getting value of JSON path: response.sold ","status":"passed","stage":"finished","steps":[],"attachments":[],"parameters":[],"start":1730677887541,"stop":1730677887541},{"name":"Value for jsonpath: 'response.sold' is: 'null'","status":"passed","stage":"finished","steps":[],"attachments":[],"parameters":[],"start":1730677888617,"stop":1730677888617},{"name":"Response body assertion for jsonpath 'response.sold':","status":"passed","stage":"finished","steps":[],"attachments":[],"parameters":[],"start":1730677888618,"stop":1730677888618}],"attachments":[{"name":"Data table","source":"27303c25-78b5-4d62-becd-d3e02386a264-attachment.csv","type":"text/tab-separated-values"}],"parameters":[],"start":1730677887533,"stop":1730677888632}],"attachments":[],"parameters":[],"start":1730677882926,"stop":1730677888637}