{"uuid":"8dfae8cd-2045-4f0f-88a7-f35cd53f300a","historyId":"a8a7e3fdc24aacd02cf021027a9ba469","testCaseId":"ec00f81a659e829c2f4594d5d0a2562","fullName":"features/AddUser.feature:8","labels":[{"name":"tag","value":"smoke"},{"name":"tag","value":"addUser"},{"name":"host","value":"XM77P43N7J"},{"name":"thread","value":"10567@XM77P43N7J.TestNG-PoolService-1(31)"},{"name":"feature","value":"Add User"},{"name":"story","value":"Add User successfully"},{"name":"suite","value":"Add User"},{"name":"testClass","value":"Add User successfully"},{"name":"framework","value":"cucumber4jvm"},{"name":"language","value":"java"},{"name":"gherkin_uri","value":"classpath:features/AddUser.feature"},{"name":"package","value":"features.AddUser_feature.Add User"}],"links":[],"name":"Add User successfully","status":"broken","statusDetails":{"known":false,"muted":false,"flaky":false,"message":"Step [I set request JSON] is defined with 1 parameters at 'com.api.automation.bdd.steps.APICommonSteps.setRequestBodyAsTable(io.cucumber.datatable.DataTable)'.\nHowever, the gherkin step has 0 arguments.\nStep text: I set request JSON","trace":"io.cucumber.core.exception.CucumberException: Step [I set request JSON] is defined with 1 parameters at 'com.api.automation.bdd.steps.APICommonSteps.setRequestBodyAsTable(io.cucumber.datatable.DataTable)'.\nHowever, the gherkin step has 0 arguments.\nStep text: I set request JSON\n\tat io.cucumber.core.runner.PickleStepDefinitionMatch.arityMismatch(PickleStepDefinitionMatch.java:82)\n\tat io.cucumber.core.runner.PickleStepDefinitionMatch.runStep(PickleStepDefinitionMatch.java:41)\n\tat io.cucumber.core.runner.ExecutionMode$1.execute(ExecutionMode.java:10)\n\tat io.cucumber.core.runner.TestStep.executeStep(TestStep.java:81)\n\tat io.cucumber.core.runner.TestStep.run(TestStep.java:53)\n\tat io.cucumber.core.runner.PickleStepTestStep.run(PickleStepTestStep.java:51)\n\tat io.cucumber.core.runner.TestCase.run(TestCase.java:84)\n\tat io.cucumber.core.runner.Runner.runPickle(Runner.java:75)\n\tat io.cucumber.testng.TestNGCucumberRunner.lambda$runScenario$1(TestNGCucumberRunner.java:135)\n\tat io.cucumber.core.runtime.CucumberExecutionContext.lambda$runTestCase$5(CucumberExecutionContext.java:136)\n\tat io.cucumber.core.runtime.RethrowingThrowableCollector.executeAndThrow(RethrowingThrowableCollector.java:23)\n\tat io.cucumber.core.runtime.CucumberExecutionContext.runTestCase(CucumberExecutionContext.java:136)\n\tat io.cucumber.testng.TestNGCucumberRunner.runScenario(TestNGCucumberRunner.java:132)\n\tat io.cucumber.testng.AbstractTestNGCucumberTests.runScenario(AbstractTestNGCucumberTests.java:35)\n\tat java.base/jdk.internal.reflect.DirectMethodHandleAccessor.invoke(DirectMethodHandleAccessor.java:104)\n\tat java.base/java.lang.reflect.Method.invoke(Method.java:578)\n\tat org.testng.internal.invokers.MethodInvocationHelper.invokeMethod(MethodInvocationHelper.java:141)\n\tat org.testng.internal.invokers.TestInvoker.invokeMethod(TestInvoker.java:686)\n\tat org.testng.internal.invokers.TestInvoker.invokeTestMethod(TestInvoker.java:230)\n\tat org.testng.internal.invokers.TestMethodWithDataProviderMethodWorker.call(TestMethodWithDataProviderMethodWorker.java:81)\n\tat org.testng.internal.thread.Async$AsyncTask.run(Async.java:34)\n\tat java.base/java.util.concurrent.ThreadPoolExecutor.runWorker(ThreadPoolExecutor.java:1144)\n\tat java.base/java.util.concurrent.ThreadPoolExecutor$Worker.run(ThreadPoolExecutor.java:642)\n\tat java.base/java.lang.Thread.run(Thread.java:1623)\n"},"stage":"finished","steps":[{"name":"Given I set baseurl for user service","status":"passed","statusDetails":{"known":false,"muted":false,"flaky":false},"stage":"finished","steps":[{"name":"\nGiven I set baseurl for user service\n---","status":"passed","stage":"finished","steps":[],"attachments":[],"parameters":[],"start":1730678024649,"stop":1730678024668},{"name":"-------------- Creating Request -----------------------","status":"passed","stage":"finished","steps":[],"attachments":[],"parameters":[],"start":1730678024672,"stop":1730678024672},{"name":"API Request URL: https://petstore.swagger.io/v2/user","status":"passed","stage":"finished","steps":[],"attachments":[],"parameters":[],"start":1730678024674,"stop":1730678024674}],"attachments":[],"parameters":[],"start":1730678022989,"stop":1730678024740},{"name":"Given I set request JSON","status":"broken","statusDetails":{"known":false,"muted":false,"flaky":false,"message":"Step [I set request JSON] is defined with 1 parameters at 'com.api.automation.bdd.steps.APICommonSteps.setRequestBodyAsTable(io.cucumber.datatable.DataTable)'.\nHowever, the gherkin step has 0 arguments.\nStep text: I set request JSON","trace":"io.cucumber.core.exception.CucumberException: Step [I set request JSON] is defined with 1 parameters at 'com.api.automation.bdd.steps.APICommonSteps.setRequestBodyAsTable(io.cucumber.datatable.DataTable)'.\nHowever, the gherkin step has 0 arguments.\nStep text: I set request JSON\n\tat io.cucumber.core.runner.PickleStepDefinitionMatch.arityMismatch(PickleStepDefinitionMatch.java:82)\n\tat io.cucumber.core.runner.PickleStepDefinitionMatch.runStep(PickleStepDefinitionMatch.java:41)\n\tat io.cucumber.core.runner.ExecutionMode$1.execute(ExecutionMode.java:10)\n\tat io.cucumber.core.runner.TestStep.executeStep(TestStep.java:81)\n\tat io.cucumber.core.runner.TestStep.run(TestStep.java:53)\n\tat io.cucumber.core.runner.PickleStepTestStep.run(PickleStepTestStep.java:51)\n\tat io.cucumber.core.runner.TestCase.run(TestCase.java:84)\n\tat io.cucumber.core.runner.Runner.runPickle(Runner.java:75)\n\tat io.cucumber.testng.TestNGCucumberRunner.lambda$runScenario$1(TestNGCucumberRunner.java:135)\n\tat io.cucumber.core.runtime.CucumberExecutionContext.lambda$runTestCase$5(CucumberExecutionContext.java:136)\n\tat io.cucumber.core.runtime.RethrowingThrowableCollector.executeAndThrow(RethrowingThrowableCollector.java:23)\n\tat io.cucumber.core.runtime.CucumberExecutionContext.runTestCase(CucumberExecutionContext.java:136)\n\tat io.cucumber.testng.TestNGCucumberRunner.runScenario(TestNGCucumberRunner.java:132)\n\tat io.cucumber.testng.AbstractTestNGCucumberTests.runScenario(AbstractTestNGCucumberTests.java:35)\n\tat java.base/jdk.internal.reflect.DirectMethodHandleAccessor.invoke(DirectMethodHandleAccessor.java:104)\n\tat java.base/java.lang.reflect.Method.invoke(Method.java:578)\n\tat org.testng.internal.invokers.MethodInvocationHelper.invokeMethod(MethodInvocationHelper.java:141)\n\tat org.testng.internal.invokers.TestInvoker.invokeMethod(TestInvoker.java:686)\n\tat org.testng.internal.invokers.TestInvoker.invokeTestMethod(TestInvoker.java:230)\n\tat org.testng.internal.invokers.TestMethodWithDataProviderMethodWorker.call(TestMethodWithDataProviderMethodWorker.java:81)\n\tat org.testng.internal.thread.Async$AsyncTask.run(Async.java:34)\n\tat java.base/java.util.concurrent.ThreadPoolExecutor.runWorker(ThreadPoolExecutor.java:1144)\n\tat java.base/java.util.concurrent.ThreadPoolExecutor$Worker.run(ThreadPoolExecutor.java:642)\n\tat java.base/java.lang.Thread.run(Thread.java:1623)\n"},"stage":"finished","steps":[],"attachments":[],"parameters":[],"start":1730678024753,"stop":1730678024772},{"name":"When I submit POST request","status":"skipped","statusDetails":{"known":false,"muted":false,"flaky":false},"stage":"finished","steps":[],"attachments":[],"parameters":[],"start":1730678024779,"stop":1730678024781},{"name":"Then I see response status 200","status":"skipped","statusDetails":{"known":false,"muted":false,"flaky":false},"stage":"finished","steps":[],"attachments":[],"parameters":[],"start":1730678024787,"stop":1730678024788},{"name":"And I see response matches for fields","status":"skipped","statusDetails":{"known":false,"muted":false,"flaky":false},"stage":"finished","steps":[],"attachments":[{"name":"Data table","source":"2b8f129e-8600-4e94-9a19-6bfb71a0d9b7-attachment.csv","type":"text/tab-separated-values"}],"parameters":[],"start":1730678024798,"stop":1730678024807}],"attachments":[],"parameters":[],"start":1730678022955,"stop":1730678024830}